app/build/intermediates/manifest_merge_blame_file/release/manifest-merger-blame-release-report.txt
1<?xml version="1.0" encoding="utf-8"?>
2<manifest xmlns:android="http://schemas.android.com/apk/res/android"
3    xmlns:dist="http://schemas.android.com/apk/distribution"
4    package="com.example.imessageonsamsung"
5    android:versionCode="1"
6    android:versionName="1.0" >
7
8    <uses-sdk
9        android:minSdkVersion="26"
9-->src/main/AndroidManifest.xml
10        android:targetSdkVersion="32" />
10-->src/main/AndroidManifest.xml
11
12    <dist:module dist:instant="true" />
12-->src/main/AndroidManifest.xml:7:5-40
12-->src/main/AndroidManifest.xml:7:18-37
13
14    <application
14-->src/main/AndroidManifest.xml:8:5-53:19
15        android:allowBackup="true"
15-->src/main/AndroidManifest.xml:9:9-35
16        android:appCategory="audio"
16-->src/main/AndroidManifest.xml:10:9-36
17        android:appComponentFactory="androidx.core.app.CoreComponentFactory"
17-->[androidx.core:core:1.8.0] AndroidManifest.xml:24:18-86
18        android:dataExtractionRules="@xml/data_extraction_rules"
18-->src/main/AndroidManifest.xml:11:9-65
19        android:extractNativeLibs="false"
20        android:fullBackupContent="@xml/backup_rules"
20-->src/main/AndroidManifest.xml:12:9-54
21        android:icon="@mipmap/ic_launcher"
21-->src/main/AndroidManifest.xml:13:9-43
22        android:label="@string/app_name"
22-->src/main/AndroidManifest.xml:14:9-41
23        android:roundIcon="@mipmap/ic_launcher_round"
23-->src/main/AndroidManifest.xml:15:9-54
24        android:supportsRtl="true"
24-->src/main/AndroidManifest.xml:16:9-35
25        android:theme="@style/Theme.IMessageOnSamsung" >
25-->src/main/AndroidManifest.xml:17:9-55
26        <meta-data
26-->src/main/AndroidManifest.xml:19:9-21:59
27            android:name="com.google.android.gms.car.application"
27-->src/main/AndroidManifest.xml:20:13-66
28            android:resource="@xml/automotive_app_desc" />
28-->src/main/AndroidManifest.xml:21:13-56
29
30        <service
30-->src/main/AndroidManifest.xml:23:9-25:39
31            android:name="com.example.imessageonsamsung.iMessageOnSamsung"
31-->src/main/AndroidManifest.xml:24:13-46
32            android:exported="true" />
32-->src/main/AndroidManifest.xml:25:13-36
33
34        <receiver
34-->src/main/AndroidManifest.xml:27:9-33:20
35            android:name="com.example.imessageonsamsung.MessageReadReceiver"
35-->src/main/AndroidManifest.xml:28:13-48
36            android:exported="true" >
36-->src/main/AndroidManifest.xml:29:13-36
37            <intent-filter>
37-->src/main/AndroidManifest.xml:30:13-32:29
38                <action android:name="com.example.imessageonsamsung.ACTION_MESSAGE_READ" />
38-->src/main/AndroidManifest.xml:31:17-92
38-->src/main/AndroidManifest.xml:31:25-89
39            </intent-filter>
40        </receiver>
41        <receiver
41-->src/main/AndroidManifest.xml:34:9-40:20
42            android:name="com.example.imessageonsamsung.MessageReplyReceiver"
42-->src/main/AndroidManifest.xml:35:13-49
43            android:exported="true" >
43-->src/main/AndroidManifest.xml:36:13-36
44            <intent-filter>
44-->src/main/AndroidManifest.xml:37:13-39:29
45                <action android:name="com.example.imessageonsamsung.ACTION_MESSAGE_REPLY" />
45-->src/main/AndroidManifest.xml:38:17-93
45-->src/main/AndroidManifest.xml:38:25-90
46            </intent-filter>
47        </receiver>
48
49        <activity
49-->src/main/AndroidManifest.xml:42:9-52:20
50            android:name="com.example.imessageonsamsung.MainActivity"
50-->src/main/AndroidManifest.xml:43:13-41
51            android:exported="true"
51-->src/main/AndroidManifest.xml:44:13-36
52            android:label="@string/app_name"
52-->src/main/AndroidManifest.xml:45:13-45
53            android:theme="@style/Theme.IMessageOnSamsung.NoActionBar" >
53-->src/main/AndroidManifest.xml:46:13-71
54            <intent-filter>
54-->src/main/AndroidManifest.xml:47:13-51:29
55                <action android:name="android.intent.action.MAIN" />
55-->src/main/AndroidManifest.xml:48:17-69
55-->src/main/AndroidManifest.xml:48:25-66
56
57                <category android:name="android.intent.category.LAUNCHER" />
57-->src/main/AndroidManifest.xml:50:17-77
57-->src/main/AndroidManifest.xml:50:27-74
58            </intent-filter>
59        </activity>
60
61        <uses-library
61-->[androidx.window:window:1.0.0] AndroidManifest.xml:25:9-27:40
62            android:name="androidx.window.extensions"
62-->[androidx.window:window:1.0.0] AndroidManifest.xml:26:13-54
63            android:required="false" />
63-->[androidx.window:window:1.0.0] AndroidManifest.xml:27:13-37
64        <uses-library
64-->[androidx.window:window:1.0.0] AndroidManifest.xml:28:9-30:40
65            android:name="androidx.window.sidecar"
65-->[androidx.window:window:1.0.0] AndroidManifest.xml:29:13-51
66            android:required="false" />
66-->[androidx.window:window:1.0.0] AndroidManifest.xml:30:13-37
67
68        <provider
68-->[androidx.emoji2:emoji2:1.0.0] AndroidManifest.xml:26:9-34:20
69            android:name="androidx.startup.InitializationProvider"
69-->[androidx.emoji2:emoji2:1.0.0] AndroidManifest.xml:27:13-67
70            android:authorities="com.example.imessageonsamsung.androidx-startup"
70-->[androidx.emoji2:emoji2:1.0.0] AndroidManifest.xml:28:13-68
71            android:exported="false" >
71-->[androidx.emoji2:emoji2:1.0.0] AndroidManifest.xml:29:13-37
72            <meta-data
72-->[androidx.emoji2:emoji2:1.0.0] AndroidManifest.xml:31:13-33:52
73                android:name="androidx.emoji2.text.EmojiCompatInitializer"
73-->[androidx.emoji2:emoji2:1.0.0] AndroidManifest.xml:32:17-75
74                android:value="androidx.startup" />
74-->[androidx.emoji2:emoji2:1.0.0] AndroidManifest.xml:33:17-49
75            <meta-data
75-->[androidx.lifecycle:lifecycle-process:2.4.0] AndroidManifest.xml:31:13-33:52
76                android:name="androidx.lifecycle.ProcessLifecycleInitializer"
76-->[androidx.lifecycle:lifecycle-process:2.4.0] AndroidManifest.xml:32:17-78
77                android:value="androidx.startup" />
77-->[androidx.lifecycle:lifecycle-process:2.4.0] AndroidManifest.xml:33:17-49
78        </provider>
79    </application>
80
81</manifest>